profile: sqlite-get 0.00056099891662598 0.00056099891662598
sqlite get conf/local.php: 288
profile: sqlite-get 0.00012803077697754 0.00068902969360352
sqlite get index/page.idx: 11
profile: sqlite-get 0.00016188621520996 0.00085091590881348
sqlite get conf/plugins.local.php: 306
profile: sqlite-get 0.00010490417480469 0.00095582008361816
sqlite get conf/users.auth.php: 233
profile: sqlite-get 9.8943710327148E-5 0.0010547637939453
sqlite get conf/acl.auth.php: 197
profile: sqlite-get 9.3936920166016E-5 0.0011487007141113
profile: sqlite-get 8.702278137207E-5 0.0012357234954834
sqlite get pages/start.txt: 1531
profile: sqlite-get 7.5817108154297E-5 0.0013115406036377
sqlite get meta/pages/start.meta: 1264
profile: sqlite-get 0.00010395050048828 0.001415491104126
sqlite get cache/c/ca0740c037793ec02c1844570108dd89.metadata: 10
profile: sqlite-get 7.2002410888672E-5 0.0014874935150146
sqlite get cache/purgefile: 10
profile: sqlite-get 6.1988830566406E-5 0.0015494823455811
profile: sqlite-get 5.1021575927734E-5 0.0016005039215088
profile: sqlite-get 8.6069107055664E-5 0.0016865730285645
profile: sqlite-get 9.3936920166016E-5 0.0017805099487305
sqlite get meta/pages/_htcookiesalt: 32
profile: sqlite-get 0.00010514259338379 0.0018856525421143
sqlite get cache/c/ca0740c037793ec02c1844570108dd89.xhtml: 3604
sqlite get conf/local.php: 288
sqlite get index/page.idx: 11
sqlite get conf/plugins.local.php: 306
sqlite get conf/users.auth.php: 233
sqlite get conf/acl.auth.php: 197
sqlite get pages/start.txt: 1531
sqlite get meta/pages/start.meta: 1264
sqlite get cache/c/ca0740c037793ec02c1844570108dd89.metadata: 10
sqlite get cache/purgefile: 10
sqlite get meta/pages/_htcookiesalt: 32
sqlite get cache/c/ca0740c037793ec02c1844570108dd89.xhtml: 3604
